{"C:\\Users\\workstation\\Documents\\work\\personal\\react-testing-with-jest\\news\\src\\components\\App.js": {"path":"C:\\Users\\workstation\\Documents\\work\\personal\\react-testing-with-jest\\news\\src\\components\\App.js","statementMap":{"0":{"start":{"line":9,"column":4},"end":{"line":9,"column":17}},"1":{"start":{"line":10,"column":4},"end":{"line":10,"column":29}},"2":{"start":{"line":14,"column":4},"end":{"line":32,"column":6}}},"fnMap":{"0":{"name":"(anonymous_0)","decl":{"start":{"line":8,"column":2},"end":{"line":8,"column":3}},"loc":{"start":{"line":8,"column":21},"end":{"line":11,"column":3}},"line":8},"1":{"name":"(anonymous_1)","decl":{"start":{"line":13,"column":2},"end":{"line":13,"column":3}},"loc":{"start":{"line":13,"column":11},"end":{"line":33,"column":3}},"line":13}},"branchMap":{},"s":{"0":2,"1":2,"2":2},"f":{"0":2,"1":2},"b":{},"_coverageSchema":"1a1c01bbd47fc00a2c39e90264f33305004495a9","hash":"786b7205ccb2e6215e0e0f77c81ed40185a51e23"}
,"C:\\Users\\workstation\\Documents\\work\\personal\\react-testing-with-jest\\news\\src\\components\\listings\\Grid.js": {"path":"C:\\Users\\workstation\\Documents\\work\\personal\\react-testing-with-jest\\news\\src\\components\\listings\\Grid.js","statementMap":{"0":{"start":{"line":8,"column":4},"end":{"line":10,"column":7}},"1":{"start":{"line":9,"column":6},"end":{"line":9,"column":42}},"2":{"start":{"line":14,"column":4},"end":{"line":22,"column":6}},"3":{"start":{"line":26,"column":0},"end":{"line":28,"column":2}}},"fnMap":{"0":{"name":"(anonymous_0)","decl":{"start":{"line":7,"column":2},"end":{"line":7,"column":3}},"loc":{"start":{"line":7,"column":15},"end":{"line":11,"column":3}},"line":7},"1":{"name":"(anonymous_1)","decl":{"start":{"line":8,"column":32},"end":{"line":8,"column":33}},"loc":{"start":{"line":9,"column":6},"end":{"line":9,"column":42}},"line":9},"2":{"name":"(anonymous_2)","decl":{"start":{"line":13,"column":2},"end":{"line":13,"column":3}},"loc":{"start":{"line":13,"column":11},"end":{"line":23,"column":3}},"line":13}},"branchMap":{},"s":{"0":2,"1":18,"2":2,"3":1},"f":{"0":2,"1":18,"2":2},"b":{},"_coverageSchema":"1a1c01bbd47fc00a2c39e90264f33305004495a9","hash":"c6f2d784697c56d4c61fce255eb311bd1200c8a1"}
,"C:\\Users\\workstation\\Documents\\work\\personal\\react-testing-with-jest\\news\\src\\components\\listings\\Single.js": {"path":"C:\\Users\\workstation\\Documents\\work\\personal\\react-testing-with-jest\\news\\src\\components\\listings\\Single.js","statementMap":{"0":{"start":{"line":6,"column":2},"end":{"line":40,"column":4}},"1":{"start":{"line":43,"column":0},"end":{"line":51,"column":2}}},"fnMap":{"0":{"name":"Single","decl":{"start":{"line":5,"column":9},"end":{"line":5,"column":15}},"loc":{"start":{"line":5,"column":26},"end":{"line":41,"column":1}},"line":5}},"branchMap":{},"s":{"0":18,"1":1},"f":{"0":18},"b":{},"_coverageSchema":"1a1c01bbd47fc00a2c39e90264f33305004495a9","hash":"5dce20f0332631b08c064f36e25c670fb63b51a4"}
}
