TN:
SF:src\components\App.js
FN:8,(anonymous_0)
FN:13,(anonymous_1)
FNF:2
FNH:2
FNDA:2,(anonymous_0)
FNDA:2,(anonymous_1)
DA:9,2
DA:10,2
DA:14,2
LF:3
LH:3
BRF:0
BRH:0
end_of_record
TN:
SF:src\components\listings\Grid.js
FN:7,(anonymous_0)
FN:8,(anonymous_1)
FN:13,(anonymous_2)
FNF:3
FNH:3
FNDA:2,(anonymous_0)
FNDA:18,(anonymous_1)
FNDA:2,(anonymous_2)
DA:8,2
DA:9,18
DA:14,2
DA:26,1
LF:4
LH:4
BRF:0
BRH:0
end_of_record
TN:
SF:src\components\listings\Single.js
FN:5,Single
FNF:1
FNH:1
FNDA:18,Single
DA:6,18
DA:43,1
LF:2
LH:2
BRF:0
BRH:0
end_of_record
